2026-03-15T11:46:37.438566 | WindowsTerminal.exe | 14.0 | C:\Program Files\WindowsApps\PythonSoftwareFoundation.Python.3.12_3.12.2800.0_x64__qbz5n2kfra8p0\python3.12.exe
2026-03-15T11:46:47.455837 | Antigravity.exe | 10.0 | dk stable v1.1 - Antigravity - app.py
2026-03-15T11:46:55.461275 | chrome.exe | 8.0 | GuardianLens | Keylog Analysis - Google Chrome
2026-03-15T11:46:59.465994 | chrome.exe | 4.0 | New Tab - Google Chrome
2026-03-15T11:47:09.518451 | chrome.exe | 10.05 | GuardianLens | Keylog Analysis - Google Chrome
2026-03-15T11:47:13.594812 | SearchHost.exe | 4.0 | Search
2026-03-15T11:47:15.611737 | explorer.exe | 2.0 | 
2026-03-15T11:47:19.620021 | brave.exe | 4.0 | top 10 editing sfx sound effects - YouTube - Brave
2026-03-15T11:47:25.640639 | chrome.exe | 6.0 | GuardianLens | Keylog Analysis - Google Chrome
2026-03-15T11:47:29.655470 | SearchHost.exe | 4.0 | Search
2026-03-15T11:47:31.681457 | Notepad.exe | 2.0 | en.txt - Notepad
2026-03-15T11:48:23.721457 | chrome.exe | 52.01 | GuardianLens | Keylog Analysis - Google Chrome
2026-03-15T11:48:25.726582 | Antigravity.exe | 2.0 | dk stable v1.1 - Antigravity - app.py
2026-03-15T11:48:27.748622 | explorer.exe | 2.0 | Task Switching
2026-03-15T11:48:31.752480 | WindowsTerminal.exe | 4.0 | C:\Program Files\WindowsApps\PythonSoftwareFoundation.Python.3.12_3.12.2800.0_x64__qbz5n2kfra8p0\python3.12.exe
2026-03-15T11:48:49.769570 | Antigravity.exe | 18.0 | dk stable v1.1 - Antigravity - app.py
2026-03-15T11:48:51.776281 | chrome.exe | 2.0 | GuardianLens | Keylog Analysis - Google Chrome
2026-03-15T14:37:10.216486 | Antigravity.exe | 36.01 | dk stable v1.2 - Antigravity - key-logger.py
2026-03-15T14:37:20.224570 | explorer.exe | 10.01 | Task Switching
2026-03-15T14:37:24.229898 | Taskmgr.exe | 4.0 | Task Manager
2026-03-15T14:37:26.250918 | explorer.exe | 2.0 | dk - File Explorer
2026-03-15T14:37:30.263616 | Antigravity.exe | 4.0 | dk stable v1.2 - Antigravity - key-logger.py
2026-03-15T14:37:34.268847 | explorer.exe | 4.0 | Task Switching
2026-03-15T14:37:40.284960 | Antigravity.exe | 6.0 | dk stable v1.2 - Antigravity - key-logger.py
2026-03-15T14:38:06.295418 | chrome.exe | 26.01 | GuardianLens | Keylog Analysis - Google Chrome
2026-03-15T14:38:08.315808 | SearchHost.exe | 2.02 | Search
2026-03-15T14:38:10.333081 | explorer.exe | 2.0 | 
2026-03-15T14:38:12.359573 | brave.exe | 2.0 | top 10 editing sfx sound effects - YouTube - Brave
2026-03-15T14:38:20.364950 | chrome.exe | 8.01 | GuardianLens | Keylog Analysis - Google Chrome
2026-03-15T14:38:22.368455 | SearchHost.exe | 2.0 | Search
2026-03-16T14:38:24.386988 | explorer.exe | 2.0 | 
2026-03-16T14:38:38.397386 | opera.exe | 14.0 | Speed Dial - Opera
2026-03-16T14:38:40.401874 | explorer.exe | 2.0 | Task Switching
2026-03-16T14:38:44.405968 | Antigravity.exe | 4.0 | dk stable v1.2 - Antigravity - key-logger.py
2026-03-16T14:38:46.409650 | explorer.exe | 2.0 | Task Switching
2026-03-16T14:38:52.424387 | chrome.exe | 6.0 | GuardianLens | Keylog Analysis - Google Chrome
2026-03-16T14:38:54.432718 | explorer.exe | 2.0 | Task Switching
2026-03-16T14:39:00.452187 | opera.exe | 6.0 | Speed Dial - Opera
2026-03-16T14:39:04.474437 | chrome.exe | 4.0 | GuardianLens | Keylog Analysis - Google Chrome
2026-03-16T14:39:06.495079 | explorer.exe | 2.0 | Task Switching
2026-02-16T14:39:08.521960 | explorer.exe | 2.0 | dk - File Explorer
2026-02-16T14:39:16.539799 | Antigravity.exe | 8.0 | dk stable v1.2 - Antigravity - key-logger.py
2026-02-16T14:39:50.570990 | Antigravity.exe | 34.01 | dk stable v1.2 - Antigravity - app_activity.log
2026-03-16T14:39:52.591373 | chrome.exe | 2.0 | GuardianLens | Keylog Analysis - Google Chrome
2026-03-16T14:39:54.595783 | explorer.exe | 2.0 | Home - File Explorer
2026-03-16T14:39:56.625022 | explorer.exe | 2.0 | Downloads - File Explorer
2026-03-16T14:39:58.647307 | explorer.exe | 2.0 | dg stable v1.1 - File Explorer
2026-03-16T14:40:00.651006 | explorer.exe | 2.0 | templates - File Explorer
2026-03-16T14:40:06.676154 | chrome.exe | 6.0 | GuardianLens — Parental Dashboard - Google Chrome
2026-03-16T14:41:10.710637 | Antigravity.exe | 64.02 | dk stable v1.2 - Antigravity - app_activity.log
2026-03-16T14:41:16.715850 | Antigravity.exe | 6.0 | dk stable v1.2 - Antigravity - app.py
2026-03-16T14:41:34.732830 | Antigravity.exe | 18.01 | dk stable v1.2 - Antigravity - Review Changes
2026-03-16T14:41:36.738335 | chrome.exe | 2.0 | GuardianLens — Parental Dashboard - Google Chrome
2026-03-16T14:42:36.760298 | chrome.exe | 60.02 | GuardianLens | Keylog Analysis - Google Chrome
2026-03-16T14:42:38.766281 | chrome.exe | 2.0 | GuardianLens — Parental Dashboard - Google Chrome
2026-03-16T14:42:40.830210 | chrome.exe | 2.03 | GuardianLens | Keylog Analysis - Google Chrome
2026-03-16T14:42:42.861431 | explorer.exe | 2.0 | Task Switching
2026-03-16T14:42:58.878559 | Antigravity.exe | 16.0 | dk stable v1.2 - Antigravity - Review Changes
2026-03-16T14:43:10.885103 | Antigravity.exe | 12.0 | dk stable v1.2 - Antigravity - dashboard.html
2026-03-16T14:43:12.906430 | explorer.exe | 2.0 | Task Switching
2026-03-16T14:43:50.933131 | chrome.exe | 38.01 | GuardianLens | Keylog Analysis - Google Chrome
2026-03-16T14:43:54.958918 | chrome.exe | 4.0 | New Tab - Google Chrome
2026-03-16T14:43:58.979777 | chrome.exe | 4.0 | YouTube - Google Chrome
2026-03-16T14:44:02.983569 | chrome.exe | 4.0 | (8) YouTube - Google Chrome
2026-03-16T14:44:21.003082 | chrome.exe | 18.0 | (8) My New Dream PC Build | Costs 2.5 Lakhs For Editing & Gaming with i9-14900KS & RTX 5070-Ti - YouTube - Google Chrome
2026-03-16T14:45:31.041615 | chrome.exe | 70.02 | GuardianLens | Keylog Analysis - Google Chrome
2026-03-16T14:45:35.070829 | explorer.exe | 4.0 | Task Switching
2026-03-18T11:02:30.287091 | Antigravity.exe | 24.01 | dk stable v1.7 - Antigravity - app.py
2026-03-18T11:02:32.298406 | explorer.exe | 2.0 | Task Switching
2026-03-18T11:02:38.303884 | chrome.exe | 6.0 | GuardianLens | Keylog Analysis - Google Chrome
2026-03-18T11:02:40.318001 | explorer.exe | 2.0 | Task Switching
2026-03-18T11:02:44.322334 | Antigravity.exe | 4.0 | dk stable v1.7 - Antigravity - app.py
2026-03-18T11:02:48.327696 | chrome.exe | 4.0 | GuardianLens | Login - Google Chrome
2026-03-18T11:04:02.361220 | chrome.exe | 74.03 | GuardianLens | Keylog Analysis - Google Chrome
2026-03-18T11:24:39.132906 | Antigravity.exe | 4.0 | dk stable v1.8 - Antigravity - app.py
2026-03-18T11:26:31.167376 | chrome.exe | 112.03 | GuardianLens | Keylog Analysis - Google Chrome
2026-03-18T11:26:35.189639 | chrome.exe | 4.0 | New Tab - Google Chrome
2026-03-18T11:26:37.194862 | chrome.exe | 2.0 | 
2026-03-18T11:26:45.215693 | chrome.exe | 8.0 | GuardianLens | Keylog Analysis - Google Chrome
2026-03-18T11:26:47.238561 | chrome.exe | 2.0 | New Tab - Google Chrome
2026-03-18T11:26:51.243706 | chrome.exe | 4.0 | GuardianLens | Keylog Analysis - Google Chrome
2026-03-18T11:26:57.250227 | chrome.exe | 6.0 | New Tab - Google Chrome
2026-03-18T11:27:07.255495 | chrome.exe | 10.0 | NSFW Activity Spike - Google Search - Google Chrome
2026-03-18T11:27:41.279640 | chrome.exe | 34.01 | GuardianLens | Keylog Analysis - Google Chrome
2026-03-18T11:27:51.294665 | Antigravity.exe | 10.0 | dk stable v1.8 - Antigravity - app.py
2026-03-18T11:27:57.319358 | SnippingTool.exe | 6.0 | Snipping Tool Overlay
2026-03-18T11:28:01.324693 | SnippingTool.exe | 4.0 | Recording toolbar
2026-03-18T11:28:15.331714 | Antigravity.exe | 14.0 | dk stable v1.8 - Antigravity - app.py
2026-03-18T11:28:19.339899 | chrome.exe | 4.0 | GuardianLens | Login - Google Chrome
2026-03-18T11:29:19.359859 | chrome.exe | 60.02 | GuardianLens | Keylog Analysis - Google Chrome
2026-03-18T11:29:21.384309 | chrome.exe | 2.0 | GuardianLens | Login - Google Chrome
2026-03-18T11:29:27.408273 | SnippingTool.exe | 6.0 | Recording toolbar
2026-03-18T11:29:31.426858 | SnippingTool.exe | 4.0 | Snipping Tool
2026-03-18T11:29:41.457716 | PickerHost.exe | 10.0 | Save As
2026-03-18T11:29:43.462184 | SnippingTool.exe | 2.0 | Snipping Tool
2026-03-18T18:08:31.665777 | Code.exe | 10.0 | key-logger.py - dk stable v1.8 - Visual Studio Code
2026-03-18T18:08:33.674754 | explorer.exe | 2.0 | Task Switching
2026-03-18T18:08:43.694201 | chrome.exe | 10.01 | GuardianLens | Login - Google Chrome
2026-03-18T18:09:37.735443 | chrome.exe | 54.01 | GuardianLens | Keylog Analysis - Google Chrome
2026-03-18T18:09:41.762817 | SearchHost.exe | 4.0 | Search
2026-03-18T18:09:43.778371 | notepad++.exe | 2.0 | *new 7 - Notepad++
2026-03-18T18:09:49.798014 | notepad++.exe | 6.0 | new 8 - Notepad++
2026-03-18T18:09:55.819505 | notepad++.exe | 6.0 | *new 8 - Notepad++
2026-03-18T18:11:11.845694 | chrome.exe | 76.02 | GuardianLens | Keylog Analysis - Google Chrome
2026-03-18T18:11:13.864044 | explorer.exe | 2.0 | Task Switching
2026-03-18T18:53:07.553511 | Antigravity.exe | 6.0 | dk stable v1.8 - Antigravity - app.py
2026-03-18T18:53:09.559472 | explorer.exe | 2.0 | Task Switching
2026-03-18T18:53:29.571070 | chrome.exe | 20.01 | GuardianLens | Keylog Analysis - Google Chrome
2026-03-18T18:54:03.585335 | chrome.exe | 34.01 | New Tab - Google Chrome
2026-03-18T18:55:25.645604 | chrome.exe | 82.02 | GuardianLens | Keylog Analysis - Google Chrome
2026-03-18T18:55:29.728998 | SearchHost.exe | 4.0 | Search
2026-03-18T18:55:31.953149 | explorer.exe | 2.0 | 
2026-03-18T18:55:41.970361 | brave.exe | 10.0 | top 10 editing sfx sound effects - YouTube - Brave
2026-03-18T18:55:45.976100 | brave.exe | 4.0 | New Tab - Brave
2026-03-18T18:55:47.980552 | brave.exe | 2.0 | 3 Best DaVinci Resolve Shortcuts to Edit Faster ⏩ - YouTube - Brave
2026-03-18T18:55:51.996039 | brave.exe | 4.0 | When the Indian kid is selling 😂 #Shorts - YouTube - Brave
2026-03-18T18:55:54.001385 | brave.exe | 2.0 | Samsung Vs Apple Peak Innovations ☠️ #shorts - YouTube - Brave
2026-03-18T18:55:56.008573 | brave.exe | 2.0 | 
2026-03-18T18:56:24.028181 | chrome.exe | 28.01 | GuardianLens | Keylog Analysis - Google Chrome
